#
# A fatal error has been detected by the Java Runtime Environment:
#
#  EXCEPTION_ACCESS_VIOLATION (0xc0000005) at pc=0x7710e3be, pid=24228, tid=24308
#
# JRE version: 7.0-b147
# Java VM: Java HotSpot(TM) Client VM (21.0-b17 mixed mode, sharing windows-x86 )
# Problematic frame:
# C  [ntdll.dll+0x2e3be]
#
# Failed to write core dump. Minidumps are not enabled by default on client versions of Windows
#
# If you would like to submit a bug report, please visit:
#   http://bugreport.sun.com/bugreport/crash.jsp
#

---------------  T H R E A D  ---------------

Current thread (0x04ccb000):  JavaThread "Win32SerialPort Notification thread" [_thread_in_vm, id=24308, stack(0x04f20000,0x04f70000)]

siginfo: ExceptionCode=0xc0000005, reading address 0xac5db20c

Registers:
EAX=0xd4d0efb8, EBX=0x04cc5038, ECX=0x003c0000, EDX=0x04cc5038
ESP=0x04f6f224, EBP=0x04f6f258, ESI=0xac5db208, EDI=0x04cc5030
EIP=0x7710e3be, EFLAGS=0x00010282

Top of Stack: (sp=0x04f6f224)
0x04f6f224:   00000000 003c0000 04cc5038 04f6f2d8
0x04f6f234:   0000021c 008c15e8 00000000 00000000
0x04f6f244:   00000000 00000000 04f6f22c 04f6f33c
0x04f6f254:   04cc5030 04f6f270 7710e023 04ccb000
0x04f6f264:   00000000 04cc5038 04cc5030 04f6f284
0x04f6f274:   752414dd 003c0000 00000000 04cc5038
0x04f6f284:   04f6f298 670d016a 003c0000 00000000
0x04f6f294:   04cc5038 04f6f2b0 642351a5 04cc5038 

Instructions: (pc=0x7710e3be)
0x7710e39e:   7a f8 80 7f 07 05 0f 84 5b 4b 06 00 8b 07 8b f7
0x7710e3ae:   c1 ee 03 33 f0 33 35 a4 00 1e 77 89 7d fc 33 f1
0x7710e3be:   8b 46 04 89 45 f4 c6 47 07 80 c6 47 06 00 8b 5e
0x7710e3ce:   08 8b 4e 0c 89 5d e0 83 c3 01 89 4d e4 83 d1 01 


Register to memory mapping:

EAX=0xd4d0efb8 is an unknown value
EBX=0x04cc5038 is an unknown value
ECX=0x003c0000 is an unknown value
EDX=0x04cc5038 is an unknown value
ESP=0x04f6f224 is pointing into the stack for thread: 0x04ccb000
EBP=0x04f6f258 is pointing into the stack for thread: 0x04ccb000
ESI=0xac5db208 is an unknown value
EDI=0x04cc5030 is an unknown value


Stack: [0x04f20000,0x04f70000],  sp=0x04f6f224,  free space=316k
Native frames: (J=compiled Java code, j=interpreted, Vv=VM code, C=native code)
C  [ntdll.dll+0x2e3be]  RtlInitUnicodeString+0x196
C  [ntdll.dll+0x2e023]  RtlFreeHeap+0x7e
C  [kernel32.dll+0x114dd]  HeapFree+0x14
C  [msvcr100.dll+0x1016a]  free+0x1c
V  [jvm.dll+0xa51a5]

Java frames: (J=compiled Java code, j=interpreted, Vv=VM code)
j  com.sun.comm.Win32SerialPort.nread([BII)I+0
j  com.sun.comm.Win32SerialPort.read([BII)I+96
j  com.sun.comm.Win32SerialInputStream.read([BII)I+7
J  com.billzsoft.send.WR_Frame.serialEvent(Ljavax/comm/SerialPortEvent;)V
j  com.sun.comm.Win32SerialPort.sendDataAvailEvent()V+27
j  com.sun.comm.NotificationThread.run()V+297
v  ~StubRoutines::call_stub

---------------  P R O C E S S  ---------------

Java Threads: ( => current thread )
  0x003c9c00 JavaThread "DestroyJavaVM" [_thread_blocked, id=23264, stack(0x00570000,0x005c0000)]
=>0x04ccb000 JavaThread "Win32SerialPort Notification thread" [_thread_in_vm, id=24308, stack(0x04f20000,0x04f70000)]
  0x0250f000 JavaThread "Service Thread" daemon [_thread_blocked, id=23920, stack(0x04bd0000,0x04c20000)]
  0x0250a000 JavaThread "C1 CompilerThread0" daemon [_thread_blocked, id=22684, stack(0x04930000,0x04980000)]
  0x02509000 JavaThread "Attach Listener" daemon [_thread_blocked, id=24052, stack(0x04a00000,0x04a50000)]
  0x02505400 JavaThread "Signal Dispatcher" daemon [_thread_blocked, id=24328, stack(0x04650000,0x046a0000)]
  0x024ec400 JavaThread "Finalizer" daemon [_thread_blocked, id=24196, stack(0x048e0000,0x04930000)]
  0x024e7800 JavaThread "Reference Handler" daemon [_thread_blocked, id=23932, stack(0x04850000,0x048a0000)]

Other Threads:
  0x024e5400 VMThread [stack: 0x005c0000,0x00610000] [id=23952]
  0x0252e000 WatcherThread [stack: 0x049a0000,0x049f0000] [id=24108]

VM state:not at safepoint (normal execution)

VM Mutex/Monitor currently owned by a thread: None

Heap
 def new generation   total 4928K, used 1327K [0x24560000, 0x24ab0000, 0x29ab0000)
  eden space 4416K,  30% used [0x24560000, 0x246abda0, 0x249b0000)
  from space 512K,   0% used [0x249b0000, 0x249b0000, 0x24a30000)
  to   space 512K,   0% used [0x24a30000, 0x24a30000, 0x24ab0000)
 tenured generation   total 10944K, used 0K [0x29ab0000, 0x2a560000, 0x34560000)
   the space 10944K,   0% used [0x29ab0000, 0x29ab0000, 0x29ab0200, 0x2a560000)
 compacting perm gen  total 12288K, used 239K [0x34560000, 0x35160000, 0x38560000)
   the space 12288K,   1% used [0x34560000, 0x3459be78, 0x3459c000, 0x35160000)
    ro space 10240K,  45% used [0x38560000, 0x389e1888, 0x389e1a00, 0x38f60000)
    rw space 12288K,  54% used [0x38f60000, 0x395e04f8, 0x395e0600, 0x39b60000)

Code Cache  [0x02530000, 0x025b8000, 0x04530000)
 total_blobs=184 nmethods=50 adapters=68 free_code_cache=32228Kb largest_free_block=33001600

Dynamic libraries:
0x002e0000 - 0x0030f000 	C:\Program Files (x86)\Java\jdk1.7.0\bin\javaw.exe
0x770e0000 - 0x77260000 	C:\Windows\SysWOW64\ntdll.dll
0x75230000 - 0x75340000 	C:\Windows\syswow64\kernel32.dll
0x75050000 - 0x75097000 	C:\Windows\syswow64\KERNELBASE.dll
0x75190000 - 0x75230000 	C:\Windows\syswow64\ADVAPI32.dll
0x76960000 - 0x76a0c000 	C:\Windows\syswow64\msvcrt.dll
0x75800000 - 0x75819000 	C:\Windows\SysWOW64\sechost.dll
0x76bc0000 - 0x76cb0000 	C:\Windows\syswow64\RPCRT4.dll
0x74b30000 - 0x74b90000 	C:\Windows\syswow64\SspiCli.dll
0x74b20000 - 0x74b2c000 	C:\Windows\syswow64\CRYPTBASE.dll
0x74f50000 - 0x75050000 	C:\Windows\syswow64\USER32.dll
0x76a60000 - 0x76af0000 	C:\Windows\syswow64\GDI32.dll
0x753c0000 - 0x753ca000 	C:\Windows\syswow64\LPK.dll
0x75630000 - 0x756cd000 	C:\Windows\syswow64\USP10.dll
0x72940000 - 0x72ade000 	C:\Windows\WinSxS\x86_microsoft.windows.common-controls_6595b64144ccf1df_6.0.7601.17514_none_41e6975e2bd6f2b2\COMCTL32.dll
0x755d0000 - 0x75627000 	C:\Windows\syswow64\SHLWAPI.dll
0x764b0000 - 0x76510000 	C:\Windows\system32\IMM32.DLL
0x76af0000 - 0x76bbc000 	C:\Windows\syswow64\MSCTF.dll
0x72510000 - 0x72545000 	c:\windows\syswow64\nvinit.dll
0x670c0000 - 0x6717e000 	C:\Program Files (x86)\Java\jdk1.7.0\jre\bin\msvcr100.dll
0x64190000 - 0x644b1000 	C:\Program Files (x86)\Java\jdk1.7.0\jre\bin\client\jvm.dll
0x73f30000 - 0x73f37000 	C:\Windows\system32\WSOCK32.dll
0x74f10000 - 0x74f45000 	C:\Windows\syswow64\WS2_32.dll
0x750c0000 - 0x750c6000 	C:\Windows\syswow64\NSI.dll
0x728d0000 - 0x72902000 	C:\Windows\system32\WINMM.dll
0x76710000 - 0x76715000 	C:\Windows\syswow64\PSAPI.DLL
0x714e0000 - 0x714ec000 	C:\Program Files (x86)\Java\jdk1.7.0\jre\bin\verify.dll
0x69350000 - 0x69370000 	C:\Program Files (x86)\Java\jdk1.7.0\jre\bin\java.dll
0x670a0000 - 0x670b3000 	C:\Program Files (x86)\Java\jdk1.7.0\jre\bin\zip.dll
0x10000000 - 0x1000a000 	C:\Program Files (x86)\Java\jdk1.7.0\bin\win32com.dll

VM Arguments:
jvm_args: -Dfile.encoding=UTF-8 
java_command: com.billzsoft.send.WR_Frame
Launcher Type: SUN_STANDARD

Environment Variables:
JAVA_HOME=C:\Program Files (x86)\Java\jdk1.7.0\
CLASSPATH=.;C:\Program Files (x86)\Java\jdk1.7.0\/lib/dt.jar;C:\Program Files (x86)\Java\jdk1.7.0\/lib/tools.jar
PATH=C:/Program Files (x86)/Java/jre7/bin/client;C:/Program Files (x86)/Java/jre7/bin;C:/Program Files (x86)/Java/jre7/lib/i386;D:\database\oracle11g\yhz\product\11.2.0\dbhome_1\bin;C:\Program Files\Common Files\Microsoft Shared\Windows Live;C:\Program Files (x86)\Common Files\Microsoft Shared\Windows Live;C:\Windows\system32;C:\Windows;C:\Windows\System32\Wbem;C:\Windows\System32\WindowsPowerShell\v1.0\;C:\Program Files (x86)\Windows Live\Shared;;C:\Program Files (x86)\Java\jdk1.7.0\/bin;C:\Program Files (x86)\Java\jdk1.7.0\/jre/bin;E:\tools\xuexigongju\ant\apache-ant-1.8.4\bin;E:\tools\xuexigongju\apache-maven-3.0.3\bin;C:\Program Files (x86)\SSH Communications Security\SSH Secure Shell
USERNAME=yhz
OS=Windows_NT
PROCESSOR_IDENTIFIER=Intel64 Family 6 Model 42 Stepping 7, GenuineIntel



---------------  S Y S T E M  ---------------

OS: Windows 7 , 64 bit Build 7601 Service Pack 1

CPU:total 4 (2 cores per cpu, 2 threads per core) family 6 model 42 stepping 7, cmov, cx8, fxsr, mmx, sse, sse2, sse3, ssse3, sse4.1, sse4.2, popcnt, ht

Memory: 4k page, physical 8297552k(4837412k free), swap 16593244k(12496832k free)

vm_info: Java HotSpot(TM) Client VM (21.0-b17) for windows-x86 JRE (1.7.0-b147), built on Jun 27 2011 02:25:52 by "java_re" with unknown MS VC++:1600

time: Tue Jun 25 15:45:58 2013
elapsed time: 88 seconds

