#
# A fatal error has been detected by the Java Runtime Environment:
#
#  EXCEPTION_ACCESS_VIOLATION (0xc0000005) at pc=0x64aeba90, pid=1220, tid=27508
#
# JRE version: 7.0-b147
# Java VM: Java HotSpot(TM) Client VM (21.0-b17 mixed mode, sharing windows-x86 )
# Problematic frame:
# V  [jvm.dll+0x1ba90]
#
# Failed to write core dump. Minidumps are not enabled by default on client versions of Windows
#
# If you would like to submit a bug report, please visit:
#   http://bugreport.sun.com/bugreport/crash.jsp
#

---------------  T H R E A D  ---------------

Current thread (0x0246b000):  JavaThread "C1 CompilerThread0" daemon [_thread_in_vm, id=27508, stack(0x04a20000,0x04a70000)]

siginfo: ExceptionCode=0xc0000005, reading address 0xccb9b2f6

Registers:
EAX=0xccb9b2f2, EBX=0x0246b000, ECX=0x245e1f10, EDX=0x64c36930
ESP=0x04a6f190, EBP=0x04a6f194, ESI=0x04c658c0, EDI=0x38fab8a8
EIP=0x64aeba90, EFLAGS=0x00010282

Top of Stack: (sp=0x04a6f190)
0x04a6f190:   04c658c0 04a6f1a8 64aec047 245e1f10
0x04a6f1a0:   39b6a868 2fe23875 04a6f1d4 64af8565
0x04a6f1b0:   00000028 2fe23875 39b6a868 0246b7c8
0x04a6f1c0:   0246b7c4 0246b000 0246b7c0 39b6a868
0x04a6f1d0:   39b6a868 04a6f1fc 64af8651 39b6a868
0x04a6f1e0:   0246b7c8 0246b7c4 0246b000 0246b7c0
0x04a6f1f0:   0246b000 04a6f200 64bf463b 04a6f23c
0x04a6f200:   64ad4f9e 39b6a868 0246b7c0 0246b7c4 

Instructions: (pc=0x64aeba90)
0x64aeba70:   c1 08 ff d2 8b 4d 08 3b c8 75 07 b0 01 5e 5d c2
0x64aeba80:   04 00 8b 46 0c 85 c0 74 12 8d a4 24 00 00 00 00
0x64aeba90:   39 48 04 74 e6 8b 00 85 c0 75 f5 32 c0 5e 5d c2
0x64aebaa0:   04 00 cc cc cc cc cc cc cc cc cc cc cc cc cc cc 


Register to memory mapping:

EAX=0xccb9b2f2 is an unknown value
EBX=0x0246b000 is a thread
ECX=0x245e1f10 is an oop
java.security.ProtectionDomain 
 - klass: 'java/security/ProtectionDomain'
EDX=0x64c36930 is an unknown value
ESP=0x04a6f190 is pointing into the stack for thread: 0x0246b000
EBP=0x04a6f194 is pointing into the stack for thread: 0x0246b000
ESI=0x04c658c0 is an unknown value
EDI=0x38fab8a8 is an oop
{instance class} 
 - klass: {other class}


Stack: [0x04a20000,0x04a70000],  sp=0x04a6f190,  free space=316k
Native frames: (J=compiled Java code, j=interpreted, Vv=VM code, C=native code)
V  [jvm.dll+0x1ba90]
V  [jvm.dll+0x1c047]
V  [jvm.dll+0x28565]
V  [jvm.dll+0x28651]
V  [jvm.dll+0x4f9e]
V  [jvm.dll+0x56b4]
V  [jvm.dll+0x57aa]
V  [jvm.dll+0x6a7e]
V  [jvm.dll+0x3be0]
V  [jvm.dll+0x4cb6]
V  [jvm.dll+0xdf8a]
V  [jvm.dll+0x22d1f9]
V  [jvm.dll+0x231603]
V  [jvm.dll+0x232081]
V  [jvm.dll+0x234d36]
V  [jvm.dll+0x234e99]
V  [jvm.dll+0x224f82]
V  [jvm.dll+0x2256b3]
V  [jvm.dll+0x2257da]
V  [jvm.dll+0x225937]
V  [jvm.dll+0x225bbd]
V  [jvm.dll+0x43795]
V  [jvm.dll+0x43bf4]
V  [jvm.dll+0x14433f]
V  [jvm.dll+0x171549]
C  [msvcr100.dll+0x5c6de]  endthreadex+0x3a
C  [msvcr100.dll+0x5c788]  endthreadex+0xe4
C  [kernel32.dll+0x133aa]  BaseThreadInitThunk+0x12
C  [ntdll.dll+0x39ef2]  RtlInitializeExceptionChain+0x63
C  [ntdll.dll+0x39ec5]  RtlInitializeExceptionChain+0x36


Current CompileTask:
C1: 215826   85   !         com.billzsoft.send.WR_Frame::serialEvent (465 bytes)


---------------  P R O C E S S  ---------------

Java Threads: ( => current thread )
  0x02549c00 JavaThread "DestroyJavaVM" [_thread_blocked, id=6564, stack(0x004e0000,0x00530000)]
  0x04c87c00 JavaThread "Win32SerialPort Notification thread" [_thread_in_native, id=29140, stack(0x04fe0000,0x05030000)]
  0x0246f800 JavaThread "Service Thread" daemon [_thread_blocked, id=29160, stack(0x04890000,0x048e0000)]
=>0x0246b000 JavaThread "C1 CompilerThread0" daemon [_thread_in_vm, id=27508, stack(0x04a20000,0x04a70000)]
  0x02469c00 JavaThread "Attach Listener" daemon [_thread_blocked, id=28812, stack(0x04740000,0x04790000)]
  0x02464400 JavaThread "Signal Dispatcher" daemon [_thread_blocked, id=27520, stack(0x04990000,0x049e0000)]
  0x02449000 JavaThread "Finalizer" daemon [_thread_blocked, id=7752, stack(0x046d0000,0x04720000)]
  0x02447400 JavaThread "Reference Handler" daemon [_thread_blocked, id=7788, stack(0x045d0000,0x04620000)]

Other Threads:
  0x02445400 VMThread [stack: 0x04680000,0x046d0000] [id=29936]
  0x0248bc00 WatcherThread [stack: 0x04f30000,0x04f80000] [id=27696]

VM state:not at safepoint (normal execution)

VM Mutex/Monitor currently owned by a thread:  ([mutex/lock_event])
[0x02548600] Compile_lock - owner thread: 0x0246b000

Heap
 def new generation   total 4928K, used 1591K [0x24560000, 0x24ab0000, 0x29ab0000)
  eden space 4416K,  36% used [0x24560000, 0x246edd48, 0x249b0000)
  from space 512K,   0% used [0x249b0000, 0x249b0000, 0x24a30000)
  to   space 512K,   0% used [0x24a30000, 0x24a30000, 0x24ab0000)
 tenured generation   total 10944K, used 0K [0x29ab0000, 0x2a560000, 0x34560000)
   the space 10944K,   0% used [0x29ab0000, 0x29ab0000, 0x29ab0200, 0x2a560000)
 compacting perm gen  total 12288K, used 239K [0x34560000, 0x35160000, 0x38560000)
   the space 12288K,   1% used [0x34560000, 0x3459bd40, 0x3459be00, 0x35160000)
    ro space 10240K,  45% used [0x38560000, 0x389e1888, 0x389e1a00, 0x38f60000)
    rw space 12288K,  54% used [0x38f60000, 0x395e04f8, 0x395e0600, 0x39b60000)

Code Cache  [0x02550000, 0x025e0000, 0x04550000)
 total_blobs=218 nmethods=84 adapters=68 free_code_cache=32207Kb largest_free_block=32980608

Dynamic libraries:
0x00060000 - 0x0008f000 	C:\Program Files (x86)\Java\jdk1.7.0\bin\javaw.exe
0x770e0000 - 0x77260000 	C:\Windows\SysWOW64\ntdll.dll
0x75230000 - 0x75340000 	C:\Windows\syswow64\kernel32.dll
0x75050000 - 0x75097000 	C:\Windows\syswow64\KERNELBASE.dll
0x75190000 - 0x75230000 	C:\Windows\syswow64\ADVAPI32.dll
0x76960000 - 0x76a0c000 	C:\Windows\syswow64\msvcrt.dll
0x75800000 - 0x75819000 	C:\Windows\SysWOW64\sechost.dll
0x76bc0000 - 0x76cb0000 	C:\Windows\syswow64\RPCRT4.dll
0x74b30000 - 0x74b90000 	C:\Windows\syswow64\SspiCli.dll
0x74b20000 - 0x74b2c000 	C:\Windows\syswow64\CRYPTBASE.dll
0x74f50000 - 0x75050000 	C:\Windows\syswow64\USER32.dll
0x76a60000 - 0x76af0000 	C:\Windows\syswow64\GDI32.dll
0x753c0000 - 0x753ca000 	C:\Windows\syswow64\LPK.dll
0x75630000 - 0x756cd000 	C:\Windows\syswow64\USP10.dll
0x72940000 - 0x72ade000 	C:\Windows\WinSxS\x86_microsoft.windows.common-controls_6595b64144ccf1df_6.0.7601.17514_none_41e6975e2bd6f2b2\COMCTL32.dll
0x755d0000 - 0x75627000 	C:\Windows\syswow64\SHLWAPI.dll
0x764b0000 - 0x76510000 	C:\Windows\system32\IMM32.DLL
0x76af0000 - 0x76bbc000 	C:\Windows\syswow64\MSCTF.dll
0x72510000 - 0x72545000 	c:\windows\syswow64\nvinit.dll
0x695d0000 - 0x6968e000 	C:\Program Files (x86)\Java\jdk1.7.0\jre\bin\msvcr100.dll
0x64ad0000 - 0x64df1000 	C:\Program Files (x86)\Java\jdk1.7.0\jre\bin\client\jvm.dll
0x73f30000 - 0x73f37000 	C:\Windows\system32\WSOCK32.dll
0x74f10000 - 0x74f45000 	C:\Windows\syswow64\WS2_32.dll
0x750c0000 - 0x750c6000 	C:\Windows\syswow64\NSI.dll
0x728d0000 - 0x72902000 	C:\Windows\system32\WINMM.dll
0x76710000 - 0x76715000 	C:\Windows\syswow64\PSAPI.DLL
0x73b10000 - 0x73b1c000 	C:\Program Files (x86)\Java\jdk1.7.0\jre\bin\verify.dll
0x73a50000 - 0x73a70000 	C:\Program Files (x86)\Java\jdk1.7.0\jre\bin\java.dll
0x73a30000 - 0x73a43000 	C:\Program Files (x86)\Java\jdk1.7.0\jre\bin\zip.dll
0x10000000 - 0x1000a000 	C:\Program Files (x86)\Java\jdk1.7.0\bin\win32com.dll

VM Arguments:
jvm_args: -Dfile.encoding=UTF-8 
java_command: com.billzsoft.send.WR_Frame
Launcher Type: SUN_STANDARD

Environment Variables:
JAVA_HOME=C:\Program Files (x86)\Java\jdk1.7.0\
CLASSPATH=.;C:\Program Files (x86)\Java\jdk1.7.0\/lib/dt.jar;C:\Program Files (x86)\Java\jdk1.7.0\/lib/tools.jar
PATH=C:/Program Files (x86)/Java/jre7/bin/client;C:/Program Files (x86)/Java/jre7/bin;C:/Program Files (x86)/Java/jre7/lib/i386;D:\database\oracle11g\yhz\product\11.2.0\dbhome_1\bin;C:\Program Files\Common Files\Microsoft Shared\Windows Live;C:\Program Files (x86)\Common Files\Microsoft Shared\Windows Live;C:\Windows\system32;C:\Windows;C:\Windows\System32\Wbem;C:\Windows\System32\WindowsPowerShell\v1.0\;C:\Program Files (x86)\Windows Live\Shared;;C:\Program Files (x86)\Java\jdk1.7.0\/bin;C:\Program Files (x86)\Java\jdk1.7.0\/jre/bin;E:\tools\xuexigongju\ant\apache-ant-1.8.4\bin;E:\tools\xuexigongju\apache-maven-3.0.3\bin;C:\Program Files (x86)\SSH Communications Security\SSH Secure Shell
USERNAME=yhz
OS=Windows_NT
PROCESSOR_IDENTIFIER=Intel64 Family 6 Model 42 Stepping 7, GenuineIntel



---------------  S Y S T E M  ---------------

OS: Windows 7 , 64 bit Build 7601 Service Pack 1

CPU:total 4 (2 cores per cpu, 2 threads per core) family 6 model 42 stepping 7, cmov, cx8, fxsr, mmx, sse, sse2, sse3, ssse3, sse4.1, sse4.2, popcnt, ht

Memory: 4k page, physical 8297552k(5077388k free), swap 16593244k(12661236k free)

vm_info: Java HotSpot(TM) Client VM (21.0-b17) for windows-x86 JRE (1.7.0-b147), built on Jun 27 2011 02:25:52 by "java_re" with unknown MS VC++:1600

time: Tue Jun 25 17:09:21 2013
elapsed time: 215 seconds

