#
# A fatal error has been detected by the Java Runtime Environment:
#
#  EXCEPTION_ACCESS_VIOLATION (0xc0000005) at pc=0x7710e3be, pid=28192, tid=27064
#
# JRE version: 7.0-b147
# Java VM: Java HotSpot(TM) Client VM (21.0-b17 mixed mode, sharing windows-x86 )
# Problematic frame:
# C  [ntdll.dll+0x2e3be]
#
# Failed to write core dump. Minidumps are not enabled by default on client versions of Windows
#
# If you would like to submit a bug report, please visit:
#   http://bugreport.sun.com/bugreport/crash.jsp
#

---------------  T H R E A D  ---------------

Current thread (0x04bd1400):  JavaThread "Win32SerialPort Notification thread" [_thread_in_vm, id=27064, stack(0x04e30000,0x04e80000)]

siginfo: ExceptionCode=0xc0000005, reading address 0xd2e526f2

Registers:
EAX=0xbcbfc8b6, EBX=0x04c5fe98, ECX=0x00090000, EDX=0x04c5fe98
ESP=0x04e7f2c4, EBP=0x04e7f2f8, ESI=0xd2e526ee, EDI=0x04c5fe90
EIP=0x7710e3be, EFLAGS=0x00010286

Top of Stack: (sp=0x04e7f2c4)
0x04e7f2c4:   00000000 00090000 04c5fe98 04e7f378
0x04e7f2d4:   0000021c 006115e8 00000000 00000000
0x04e7f2e4:   00000000 00000000 04e7f2cc 04e7f3dc
0x04e7f2f4:   04c5fe90 04e7f310 7710e023 04bd1400
0x04e7f304:   00000000 04c5fe98 04c5fe90 04e7f324
0x04e7f314:   752414dd 00090000 00000000 04c5fe98
0x04e7f324:   04e7f338 6980016a 00090000 00000000
0x04e7f334:   04c5fe98 04e7f350 694051a5 04c5fe98 

Instructions: (pc=0x7710e3be)
0x7710e39e:   7a f8 80 7f 07 05 0f 84 5b 4b 06 00 8b 07 8b f7
0x7710e3ae:   c1 ee 03 33 f0 33 35 a4 00 1e 77 89 7d fc 33 f1
0x7710e3be:   8b 46 04 89 45 f4 c6 47 07 80 c6 47 06 00 8b 5e
0x7710e3ce:   08 8b 4e 0c 89 5d e0 83 c3 01 89 4d e4 83 d1 01 


Register to memory mapping:

EAX=0xbcbfc8b6 is an unknown value
EBX=0x04c5fe98 is an unknown value
ECX=0x00090000 is an unknown value
EDX=0x04c5fe98 is an unknown value
ESP=0x04e7f2c4 is pointing into the stack for thread: 0x04bd1400
EBP=0x04e7f2f8 is pointing into the stack for thread: 0x04bd1400
ESI=0xd2e526ee is an unknown value
EDI=0x04c5fe90 is an unknown value


Stack: [0x04e30000,0x04e80000],  sp=0x04e7f2c4,  free space=316k
Native frames: (J=compiled Java code, j=interpreted, Vv=VM code, C=native code)
C  [ntdll.dll+0x2e3be]  RtlInitUnicodeString+0x196
C  [ntdll.dll+0x2e023]  RtlFreeHeap+0x7e
C  [kernel32.dll+0x114dd]  HeapFree+0x14
C  [msvcr100.dll+0x1016a]  free+0x1c
V  [jvm.dll+0xa51a5]

Java frames: (J=compiled Java code, j=interpreted, Vv=VM code)
j  com.sun.comm.Win32SerialPort.nread([BII)I+0
j  com.sun.comm.Win32SerialPort.read([BII)I+96
j  com.sun.comm.Win32SerialInputStream.read([BII)I+7
J  com.billzsoft.send.WR_Frame.serialEvent(Ljavax/comm/SerialPortEvent;)V
j  com.sun.comm.Win32SerialPort.sendDataAvailEvent()V+27
j  com.sun.comm.NotificationThread.run()V+297
v  ~StubRoutines::call_stub

---------------  P R O C E S S  ---------------

Java Threads: ( => current thread )
  0x00099c00 JavaThread "DestroyJavaVM" [_thread_blocked, id=27792, stack(0x002c0000,0x00310000)]
  0x04bd2400 JavaThread "Thread-0" [_thread_blocked, id=25848, stack(0x05030000,0x05080000)]
=>0x04bd1400 JavaThread "Win32SerialPort Notification thread" [_thread_in_vm, id=27064, stack(0x04e30000,0x04e80000)]
  0x01002c00 JavaThread "Service Thread" daemon [_thread_blocked, id=28612, stack(0x04ad0000,0x04b20000)]
  0x00fff000 JavaThread "C1 CompilerThread0" daemon [_thread_blocked, id=27916, stack(0x025d0000,0x02620000)]
  0x00ffe000 JavaThread "Attach Listener" daemon [_thread_blocked, id=20088, stack(0x046c0000,0x04710000)]
  0x00ffb000 JavaThread "Signal Dispatcher" daemon [_thread_blocked, id=25740, stack(0x01050000,0x010a0000)]
  0x00fd9000 JavaThread "Finalizer" daemon [_thread_blocked, id=28596, stack(0x04950000,0x049a0000)]
  0x00fd7400 JavaThread "Reference Handler" daemon [_thread_blocked, id=28332, stack(0x048c0000,0x04910000)]

Other Threads:
  0x00fd5400 VMThread [stack: 0x047c0000,0x04810000] [id=28128]
  0x01004800 WatcherThread [stack: 0x04a80000,0x04ad0000] [id=26856]

VM state:not at safepoint (normal execution)

VM Mutex/Monitor currently owned by a thread: None

Heap
 def new generation   total 4928K, used 3634K [0x24560000, 0x24ab0000, 0x29ab0000)
  eden space 4416K,  82% used [0x24560000, 0x248ec898, 0x249b0000)
  from space 512K,   0% used [0x249b0000, 0x249b0000, 0x24a30000)
  to   space 512K,   0% used [0x24a30000, 0x24a30000, 0x24ab0000)
 tenured generation   total 10944K, used 0K [0x29ab0000, 0x2a560000, 0x34560000)
   the space 10944K,   0% used [0x29ab0000, 0x29ab0000, 0x29ab0200, 0x2a560000)
 compacting perm gen  total 12288K, used 773K [0x34560000, 0x35160000, 0x38560000)
   the space 12288K,   6% used [0x34560000, 0x346217d0, 0x34621800, 0x35160000)
    ro space 10240K,  45% used [0x38560000, 0x389e1888, 0x389e1a00, 0x38f60000)
    rw space 12288K,  54% used [0x38f60000, 0x395e04f8, 0x395e0600, 0x39b60000)

Code Cache  [0x02660000, 0x026f0000, 0x04660000)
 total_blobs=198 nmethods=62 adapters=69 free_code_cache=32210Kb largest_free_block=32983936

Dynamic libraries:
0x010a0000 - 0x010cf000 	C:\Program Files (x86)\Java\jdk1.7.0\bin\javaw.exe
0x770e0000 - 0x77260000 	C:\Windows\SysWOW64\ntdll.dll
0x75230000 - 0x75340000 	C:\Windows\syswow64\kernel32.dll
0x75050000 - 0x75097000 	C:\Windows\syswow64\KERNELBASE.dll
0x75190000 - 0x75230000 	C:\Windows\syswow64\ADVAPI32.dll
0x76960000 - 0x76a0c000 	C:\Windows\syswow64\msvcrt.dll
0x75800000 - 0x75819000 	C:\Windows\SysWOW64\sechost.dll
0x76bc0000 - 0x76cb0000 	C:\Windows\syswow64\RPCRT4.dll
0x74b30000 - 0x74b90000 	C:\Windows\syswow64\SspiCli.dll
0x74b20000 - 0x74b2c000 	C:\Windows\syswow64\CRYPTBASE.dll
0x74f50000 - 0x75050000 	C:\Windows\syswow64\USER32.dll
0x76a60000 - 0x76af0000 	C:\Windows\syswow64\GDI32.dll
0x753c0000 - 0x753ca000 	C:\Windows\syswow64\LPK.dll
0x75630000 - 0x756cd000 	C:\Windows\syswow64\USP10.dll
0x72940000 - 0x72ade000 	C:\Windows\WinSxS\x86_microsoft.windows.common-controls_6595b64144ccf1df_6.0.7601.17514_none_41e6975e2bd6f2b2\COMCTL32.dll
0x755d0000 - 0x75627000 	C:\Windows\syswow64\SHLWAPI.dll
0x764b0000 - 0x76510000 	C:\Windows\system32\IMM32.DLL
0x76af0000 - 0x76bbc000 	C:\Windows\syswow64\MSCTF.dll
0x72510000 - 0x72545000 	c:\windows\syswow64\nvinit.dll
0x697f0000 - 0x698ae000 	C:\Program Files (x86)\Java\jdk1.7.0\jre\bin\msvcr100.dll
0x69360000 - 0x69681000 	C:\Program Files (x86)\Java\jdk1.7.0\jre\bin\client\jvm.dll
0x73f30000 - 0x73f37000 	C:\Windows\system32\WSOCK32.dll
0x74f10000 - 0x74f45000 	C:\Windows\syswow64\WS2_32.dll
0x750c0000 - 0x750c6000 	C:\Windows\syswow64\NSI.dll
0x728d0000 - 0x72902000 	C:\Windows\system32\WINMM.dll
0x76710000 - 0x76715000 	C:\Windows\syswow64\PSAPI.DLL
0x73a50000 - 0x73a5c000 	C:\Program Files (x86)\Java\jdk1.7.0\jre\bin\verify.dll
0x73a30000 - 0x73a50000 	C:\Program Files (x86)\Java\jdk1.7.0\jre\bin\java.dll
0x739e0000 - 0x739f3000 	C:\Program Files (x86)\Java\jdk1.7.0\jre\bin\zip.dll
0x10000000 - 0x1000a000 	C:\Program Files (x86)\Java\jdk1.7.0\bin\win32com.dll

VM Arguments:
jvm_args: -Dfile.encoding=UTF-8 
java_command: com.billzsoft.send.WR_Frame
Launcher Type: SUN_STANDARD

Environment Variables:
JAVA_HOME=C:\Program Files (x86)\Java\jdk1.7.0\
CLASSPATH=.;C:\Program Files (x86)\Java\jdk1.7.0\/lib/dt.jar;C:\Program Files (x86)\Java\jdk1.7.0\/lib/tools.jar
PATH=C:/Program Files (x86)/Java/jre7/bin/client;C:/Program Files (x86)/Java/jre7/bin;C:/Program Files (x86)/Java/jre7/lib/i386;D:\database\oracle11g\yhz\product\11.2.0\dbhome_1\bin;C:\Program Files\Common Files\Microsoft Shared\Windows Live;C:\Program Files (x86)\Common Files\Microsoft Shared\Windows Live;C:\Windows\system32;C:\Windows;C:\Windows\System32\Wbem;C:\Windows\System32\WindowsPowerShell\v1.0\;C:\Program Files (x86)\Windows Live\Shared;;C:\Program Files (x86)\Java\jdk1.7.0\/bin;C:\Program Files (x86)\Java\jdk1.7.0\/jre/bin;E:\tools\xuexigongju\ant\apache-ant-1.8.4\bin;E:\tools\xuexigongju\apache-maven-3.0.3\bin;C:\Program Files (x86)\SSH Communications Security\SSH Secure Shell
USERNAME=yhz
OS=Windows_NT
PROCESSOR_IDENTIFIER=Intel64 Family 6 Model 42 Stepping 7, GenuineIntel



---------------  S Y S T E M  ---------------

OS: Windows 7 , 64 bit Build 7601 Service Pack 1

CPU:total 4 (2 cores per cpu, 2 threads per core) family 6 model 42 stepping 7, cmov, cx8, fxsr, mmx, sse, sse2, sse3, ssse3, sse4.1, sse4.2, popcnt, ht

Memory: 4k page, physical 8297552k(5000068k free), swap 16593244k(12564420k free)

vm_info: Java HotSpot(TM) Client VM (21.0-b17) for windows-x86 JRE (1.7.0-b147), built on Jun 27 2011 02:25:52 by "java_re" with unknown MS VC++:1600

time: Tue Jun 25 16:38:17 2013
elapsed time: 4 seconds

