#
# A fatal error has been detected by the Java Runtime Environment:
#
#  EXCEPTION_ACCESS_VIOLATION (0xc0000005) at pc=0x7710e3be, pid=27576, tid=29136
#
# JRE version: 7.0-b147
# Java VM: Java HotSpot(TM) Client VM (21.0-b17 mixed mode, sharing windows-x86 )
# Problematic frame:
# C  [ntdll.dll+0x2e3be]
#
# Failed to write core dump. Minidumps are not enabled by default on client versions of Windows
#
# If you would like to submit a bug report, please visit:
#   http://bugreport.sun.com/bugreport/crash.jsp
#

---------------  T H R E A D  ---------------

Current thread (0x04dc7c00):  JavaThread "Win32SerialPort Notification thread" [_thread_in_vm, id=29136, stack(0x05080000,0x050d0000)]

siginfo: ExceptionCode=0xc0000005, reading address 0x6c5780c6

Registers:
EAX=0x5ca3a130, EBX=0x04dc95d0, ECX=0x00250000, EDX=0x04dc95d0
ESP=0x050ce02c, EBP=0x050ce060, ESI=0x6c5780c2, EDI=0x04dc95c8
EIP=0x7710e3be, EFLAGS=0x00010202

Top of Stack: (sp=0x050ce02c)
0x050ce02c:   00000000 00250000 04dc95d0 64b3aebe
0x050ce03c:   00000002 00440016 150000dc 64b45702
0x050ce04c:   050ce06c 695e0269 04dc9348 00000001
0x050ce05c:   04dc95c8 050ce078 7710e023 00000000
0x050ce06c:   00000064 04d9e338 04dc95c8 050ce08c
0x050ce07c:   752414dd 00250000 00000000 04dc95d0
0x050ce08c:   050ce0a0 695e016a 00250000 00000000
0x050ce09c:   04dc95d0 050ce0b8 64adf640 04dc95d0 

Instructions: (pc=0x7710e3be)
0x7710e39e:   7a f8 80 7f 07 05 0f 84 5b 4b 06 00 8b 07 8b f7
0x7710e3ae:   c1 ee 03 33 f0 33 35 a4 00 1e 77 89 7d fc 33 f1
0x7710e3be:   8b 46 04 89 45 f4 c6 47 07 80 c6 47 06 00 8b 5e
0x7710e3ce:   08 8b 4e 0c 89 5d e0 83 c3 01 89 4d e4 83 d1 01 


Register to memory mapping:

EAX=0x5ca3a130 is an unknown value
EBX=0x04dc95d0 is an unknown value
ECX=0x00250000 is an unknown value
EDX=0x04dc95d0 is an unknown value
ESP=0x050ce02c is pointing into the stack for thread: 0x04dc7c00
EBP=0x050ce060 is pointing into the stack for thread: 0x04dc7c00
ESI=0x6c5780c2 is an unknown value
EDI=0x04dc95c8 is an unknown value


Stack: [0x05080000,0x050d0000],  sp=0x050ce02c,  free space=312k
Native frames: (J=compiled Java code, j=interpreted, Vv=VM code, C=native code)
C  [ntdll.dll+0x2e3be]  RtlInitUnicodeString+0x196
C  [ntdll.dll+0x2e023]  RtlFreeHeap+0x7e
C  [kernel32.dll+0x114dd]  HeapFree+0x14
C  [msvcr100.dll+0x1016a]  free+0x1c
V  [jvm.dll+0xf640]
V  [jvm.dll+0x1660b]
V  [jvm.dll+0x1692c]
V  [jvm.dll+0x182f2]
V  [jvm.dll+0x29a08]
V  [jvm.dll+0xd36b0]
V  [jvm.dll+0xd389a]
C  [java.dll+0x1632]  Java_java_lang_ClassLoader_defineClass1+0x126

Java frames: (J=compiled Java code, j=interpreted, Vv=VM code)
j  java.lang.ClassLoader.defineClass1(Ljava/lang/String;[BIILjava/security/ProtectionDomain;Ljava/lang/String;)Ljava/lang/Class;+0
j  java.lang.ClassLoader.defineClass(Ljava/lang/String;[BIILjava/security/ProtectionDomain;)Ljava/lang/Class;+30
j  java.security.SecureClassLoader.defineClass(Ljava/lang/String;[BIILjava/security/CodeSource;)Ljava/lang/Class;+12
j  java.net.URLClassLoader.defineClass(Ljava/lang/String;Lsun/misc/Resource;)Ljava/lang/Class;+220
j  java.net.URLClassLoader.access$100(Ljava/net/URLClassLoader;Ljava/lang/String;Lsun/misc/Resource;)Ljava/lang/Class;+3
j  java.net.URLClassLoader$1.run()Ljava/lang/Class;+43
j  java.net.URLClassLoader$1.run()Ljava/lang/Object;+1
v  ~StubRoutines::call_stub
j  java.security.AccessController.doPrivileged(Ljava/security/PrivilegedExceptionAction;Ljava/security/AccessControlContext;)Ljava/lang/Object;+0
j  java.net.URLClassLoader.findClass(Ljava/lang/String;)Ljava/lang/Class;+13
j  java.lang.ClassLoader.loadClass(Ljava/lang/String;Z)Ljava/lang/Class;+70
j  sun.misc.Launcher$AppClassLoader.loadClass(Ljava/lang/String;Z)Ljava/lang/Class;+36
j  java.lang.ClassLoader.loadClass(Ljava/lang/String;)Ljava/lang/Class;+3
v  ~StubRoutines::call_stub
j  com.billzsoft.send.WR_Frame.send(Ljava/lang/String;)V+1
j  com.billzsoft.send.WR_Frame.serialEvent(Ljavax/comm/SerialPortEvent;)V+427
j  com.sun.comm.Win32SerialPort.sendDataAvailEvent()V+27
j  com.sun.comm.NotificationThread.run()V+297
v  ~StubRoutines::call_stub

---------------  P R O C E S S  ---------------

Java Threads: ( => current thread )
  0x00259c00 JavaThread "DestroyJavaVM" [_thread_blocked, id=31124, stack(0x00900000,0x00950000)]
=>0x04dc7c00 JavaThread "Win32SerialPort Notification thread" [_thread_in_vm, id=29136, stack(0x05080000,0x050d0000)]
  0x01032c00 JavaThread "Service Thread" daemon [_thread_blocked, id=29728, stack(0x04cd0000,0x04d20000)]
  0x0102ec00 JavaThread "C1 CompilerThread0" daemon [_thread_blocked, id=31724, stack(0x04a60000,0x04ab0000)]
  0x0102e000 JavaThread "Attach Listener" daemon [_thread_blocked, id=29392, stack(0x047a0000,0x047f0000)]
  0x0102b000 JavaThread "Signal Dispatcher" daemon [_thread_blocked, id=29700, stack(0x04740000,0x04790000)]
  0x01009000 JavaThread "Finalizer" daemon [_thread_blocked, id=31572, stack(0x04880000,0x048d0000)]
  0x01007400 JavaThread "Reference Handler" daemon [_thread_blocked, id=30964, stack(0x048e0000,0x04930000)]

Other Threads:
  0x01005400 VMThread [stack: 0x047f0000,0x04840000] [id=31628]
  0x04d28c00 WatcherThread [stack: 0x04bb0000,0x04c00000] [id=28880]

VM state:not at safepoint (normal execution)

VM Mutex/Monitor currently owned by a thread: None

Heap
 def new generation   total 4928K, used 1352K [0x24560000, 0x24ab0000, 0x29ab0000)
  eden space 4416K,  30% used [0x24560000, 0x246b2200, 0x249b0000)
  from space 512K,   0% used [0x249b0000, 0x249b0000, 0x24a30000)
  to   space 512K,   0% used [0x24a30000, 0x24a30000, 0x24ab0000)
 tenured generation   total 10944K, used 0K [0x29ab0000, 0x2a560000, 0x34560000)
   the space 10944K,   0% used [0x29ab0000, 0x29ab0000, 0x29ab0200, 0x2a560000)
 compacting perm gen  total 12288K, used 247K [0x34560000, 0x35160000, 0x38560000)
   the space 12288K,   2% used [0x34560000, 0x3459de20, 0x3459e000, 0x35160000)
    ro space 10240K,  45% used [0x38560000, 0x389e1888, 0x389e1a00, 0x38f60000)
    rw space 12288K,  54% used [0x38f60000, 0x395e04f8, 0x395e0600, 0x39b60000)

Code Cache  [0x025b0000, 0x02630000, 0x045b0000)
 total_blobs=171 nmethods=37 adapters=68 free_code_cache=32270Kb largest_free_block=33044800

Dynamic libraries:
0x01180000 - 0x011af000 	C:\Program Files (x86)\Java\jdk1.7.0\bin\javaw.exe
0x770e0000 - 0x77260000 	C:\Windows\SysWOW64\ntdll.dll
0x75230000 - 0x75340000 	C:\Windows\syswow64\kernel32.dll
0x75050000 - 0x75097000 	C:\Windows\syswow64\KERNELBASE.dll
0x75190000 - 0x75230000 	C:\Windows\syswow64\ADVAPI32.dll
0x76960000 - 0x76a0c000 	C:\Windows\syswow64\msvcrt.dll
0x75800000 - 0x75819000 	C:\Windows\SysWOW64\sechost.dll
0x76bc0000 - 0x76cb0000 	C:\Windows\syswow64\RPCRT4.dll
0x74b30000 - 0x74b90000 	C:\Windows\syswow64\SspiCli.dll
0x74b20000 - 0x74b2c000 	C:\Windows\syswow64\CRYPTBASE.dll
0x74f50000 - 0x75050000 	C:\Windows\syswow64\USER32.dll
0x76a60000 - 0x76af0000 	C:\Windows\syswow64\GDI32.dll
0x753c0000 - 0x753ca000 	C:\Windows\syswow64\LPK.dll
0x75630000 - 0x756cd000 	C:\Windows\syswow64\USP10.dll
0x72940000 - 0x72ade000 	C:\Windows\WinSxS\x86_microsoft.windows.common-controls_6595b64144ccf1df_6.0.7601.17514_none_41e6975e2bd6f2b2\COMCTL32.dll
0x755d0000 - 0x75627000 	C:\Windows\syswow64\SHLWAPI.dll
0x764b0000 - 0x76510000 	C:\Windows\system32\IMM32.DLL
0x76af0000 - 0x76bbc000 	C:\Windows\syswow64\MSCTF.dll
0x72510000 - 0x72545000 	c:\windows\syswow64\nvinit.dll
0x695d0000 - 0x6968e000 	C:\Program Files (x86)\Java\jdk1.7.0\jre\bin\msvcr100.dll
0x64ad0000 - 0x64df1000 	C:\Program Files (x86)\Java\jdk1.7.0\jre\bin\client\jvm.dll
0x73f30000 - 0x73f37000 	C:\Windows\system32\WSOCK32.dll
0x74f10000 - 0x74f45000 	C:\Windows\syswow64\WS2_32.dll
0x750c0000 - 0x750c6000 	C:\Windows\syswow64\NSI.dll
0x728d0000 - 0x72902000 	C:\Windows\system32\WINMM.dll
0x76710000 - 0x76715000 	C:\Windows\syswow64\PSAPI.DLL
0x73a60000 - 0x73a6c000 	C:\Program Files (x86)\Java\jdk1.7.0\jre\bin\verify.dll
0x73a40000 - 0x73a60000 	C:\Program Files (x86)\Java\jdk1.7.0\jre\bin\java.dll
0x739e0000 - 0x739f3000 	C:\Program Files (x86)\Java\jdk1.7.0\jre\bin\zip.dll
0x10000000 - 0x1000a000 	C:\Program Files (x86)\Java\jdk1.7.0\bin\win32com.dll

VM Arguments:
jvm_args: -Dfile.encoding=UTF-8 
java_command: com.billzsoft.send.WR_Frame
Launcher Type: SUN_STANDARD

Environment Variables:
JAVA_HOME=C:\Program Files (x86)\Java\jdk1.7.0\
CLASSPATH=.;C:\Program Files (x86)\Java\jdk1.7.0\/lib/dt.jar;C:\Program Files (x86)\Java\jdk1.7.0\/lib/tools.jar
PATH=C:/Program Files (x86)/Java/jre7/bin/client;C:/Program Files (x86)/Java/jre7/bin;C:/Program Files (x86)/Java/jre7/lib/i386;D:\database\oracle11g\yhz\product\11.2.0\dbhome_1\bin;C:\Program Files\Common Files\Microsoft Shared\Windows Live;C:\Program Files (x86)\Common Files\Microsoft Shared\Windows Live;C:\Windows\system32;C:\Windows;C:\Windows\System32\Wbem;C:\Windows\System32\WindowsPowerShell\v1.0\;C:\Program Files (x86)\Windows Live\Shared;;C:\Program Files (x86)\Java\jdk1.7.0\/bin;C:\Program Files (x86)\Java\jdk1.7.0\/jre/bin;E:\tools\xuexigongju\ant\apache-ant-1.8.4\bin;E:\tools\xuexigongju\apache-maven-3.0.3\bin;C:\Program Files (x86)\SSH Communications Security\SSH Secure Shell
USERNAME=yhz
OS=Windows_NT
PROCESSOR_IDENTIFIER=Intel64 Family 6 Model 42 Stepping 7, GenuineIntel



---------------  S Y S T E M  ---------------

OS: Windows 7 , 64 bit Build 7601 Service Pack 1

CPU:total 4 (2 cores per cpu, 2 threads per core) family 6 model 42 stepping 7, cmov, cx8, fxsr, mmx, sse, sse2, sse3, ssse3, sse4.1, sse4.2, popcnt, ht

Memory: 4k page, physical 8297552k(5080372k free), swap 16593244k(12699368k free)

vm_info: Java HotSpot(TM) Client VM (21.0-b17) for windows-x86 JRE (1.7.0-b147), built on Jun 27 2011 02:25:52 by "java_re" with unknown MS VC++:1600

time: Tue Jun 25 17:18:09 2013
elapsed time: 63 seconds

